<?xml version="1.0" encoding="UTF-8"?>
<!-- Generated by org.testng.reporters.JUnitXMLReporter -->
<testsuite ignored="0" hostname="I22172" failures="4" tests="6" name="VehicleTests" time="144.363" errors="0" timestamp="2025-05-12T12:08:30 IST">
  <testcase classname="tests.VehicleSoldTest" name="testVehicleSold" time="4.386"/>
  <testcase classname="tests.VehicleSalesTest" name="testVehicleSales" time="4.008">
    <failure type="java.lang.AssertionError" message="vehicleSales expected [2] but found [₹ 20.34 L]">
      <![CDATA[java.lang.AssertionError: vehicleSales expected [2] but found [₹ 20.34 L]
at tests.VehicleSalesTest.testVehicleSales(VehicleSalesTest.java:43)
at java.base/java.util.ArrayList.forEach(ArrayList.java:1596)
... Removed 34 stack frames]]>
    </failure>
  </testcase> <!-- testVehicleSales -->
  <testcase classname="tests.VehiclesBookedYesterdayTest" name="testVehiclesBookedYesterday" time="4.359">
    <failure type="java.lang.AssertionError" message="vehiclesBookedYesterday expected [2] but found [0]">
      <![CDATA[java.lang.AssertionError: vehiclesBookedYesterday expected [2] but found [0]
at tests.VehiclesBookedYesterdayTest.testVehiclesBookedYesterday(VehiclesBookedYesterdayTest.java:43)
at java.base/java.util.ArrayList.forEach(ArrayList.java:1596)
... Removed 34 stack frames]]>
    </failure>
  </testcase> <!-- testVehiclesBookedYesterday -->
  <testcase classname="tests.VehiclesInvoicedYesterdayTest" name="testVehiclesInvoicedYesterday" time="3.499">
    <failure type="java.lang.AssertionError" message="vehiclesInvoicedYesterday expected [2] but found [0]">
      <![CDATA[java.lang.AssertionError: vehiclesInvoicedYesterday expected [2] but found [0]
at tests.VehiclesInvoicedYesterdayTest.testVehiclesInvoicedYesterday(VehiclesInvoicedYesterdayTest.java:43)
at java.base/java.util.ArrayList.forEach(ArrayList.java:1596)
... Removed 34 stack frames]]>
    </failure>
  </testcase> <!-- testVehiclesInvoicedYesterday -->
  <testcase classname="tests.VehiclesInvoicedThisMonthTest" name="testVehiclesInvoicedThisMonth" time="3.621"/>
  <testcase classname="tests.VehiclesInvoicedButNotDeliveredTest" name="testVehiclesInvoicedButNotDelivered" time="4.599">
    <failure type="java.lang.AssertionError" message="vehiclesInvoicedButNotDelivered expected [2] but found [69]">
      <![CDATA[java.lang.AssertionError: vehiclesInvoicedButNotDelivered expected [2] but found [69]
at tests.VehiclesInvoicedButNotDeliveredTest.testVehiclesInvoicedButNotDelivered(VehiclesInvoicedButNotDeliveredTest.java:43)
at java.base/java.util.ArrayList.forEach(ArrayList.java:1596)
... Removed 34 stack frames]]>
    </failure>
  </testcase> <!-- testVehiclesInvoicedButNotDelivered -->
</testsuite> <!-- VehicleTests -->
